2025-10-22 13:09:16
To: admin@digiboostpro.fr
Subject: Bienvenue sur DigiboostPro
Message: Bonjour Antoine Carrere,

Votre compte a été créé avec succès !

Vous pouvez maintenant vous connecter et profiter de nos services.
--------------------------------------------------

2025-10-22 13:09:54
To: admin@digiboostpro.fr
Subject: Bienvenue sur DigiboostPro
Message: Bonjour Antoine Carrere,

Votre compte a été créé avec succès !

Vous pouvez maintenant vous connecter et profiter de nos services.
--------------------------------------------------

2025-10-22 15:14:38
To: jean.dupont@exemple.fr
Subject: Bienvenue sur DigiboostPro
Message: Bonjour jean Dupont,

Votre compte a été créé avec succès !

Vous pouvez maintenant vous connecter et profiter de nos services.
--------------------------------------------------

2025-10-22 15:39:09
To: antoinecarrere@sfr.fr
Subject: Bienvenue dans notre newsletter - DigiboostPro
Message: Bonjour,

Merci de vous être inscrit à notre newsletter !

Vous recevrez désormais nos actualités, conseils et offres exclusives.

À bientôt !
L'équipe DigiboostPro
--------------------------------------------------

2025-10-22 15:44:18
To: admin@digiboostpro.fr
Subject: Confirmation de commande #1
Message: Bonjour,

Votre commande a été créée avec succès.

Service: Audit SEO Standard
Montant: 99,00 €

Nous vous tiendrons informé de l'avancement.

Cordialement,
L'équipe DigiboostPro
--------------------------------------------------

2025-10-22 16:09:56
To: antoine.carrere@digiboostpro.fr
Subject: Bienvenue sur DigiboostPro
Message: Bonjour Antoine Carrere,

Votre compte a été créé avec succès !

Vous pouvez maintenant vous connecter et profiter de nos services.
--------------------------------------------------

2025-10-22 16:14:33
To: jean.dupont@exemple.fr
Subject: Confirmation de commande #2
Message: Bonjour,

Votre commande a été créée avec succès.

Service: Audit SEO Premium
Montant: 149,00 €

Nous vous tiendrons informé de l'avancement.

Cordialement,
L'équipe DigiboostPro
--------------------------------------------------

